2022-09-12 10:25:41,858 INFO notifyConnectTimeout:200

2022-09-12 10:25:41,867 INFO notifySocketTimeout:8000

2022-09-12 10:25:41,868 INFO isHealthCheck:true

2022-09-12 10:25:41,868 INFO maxHealthCheckFailCount:12

2022-09-12 10:25:41,868 INFO maxContent:10485760

2022-09-12 10:25:41,868 INFO spring.datasource.platform:mysql

2022-09-12 10:25:48,489 WARN DumpService start

2022-09-12 10:25:48,490 INFO start clear all config-info.

2022-09-12 10:25:48,492 WARN clear all config-info failed.

2022-09-12 10:25:48,492 WARN clear all config-info-tenant failed.

2022-09-12 10:25:48,498 INFO start clear all config-info-beta.

2022-09-12 10:25:48,498 WARN clear all config-info-beta failed.

2022-09-12 10:25:48,498 WARN clear all config-info-beta-tenant failed.

2022-09-12 10:25:48,500 INFO start clear all config-info-tag.

2022-09-12 10:25:48,501 WARN clear all config-info-tag failed.

2022-09-12 10:25:48,501 WARN clear all config-info-tag-tenant failed.

2022-09-12 14:03:11,263 INFO notifyConnectTimeout:200

2022-09-12 14:03:11,266 INFO notifySocketTimeout:8000

2022-09-12 14:03:11,266 INFO isHealthCheck:true

2022-09-12 14:03:11,266 INFO maxHealthCheckFailCount:12

2022-09-12 14:03:11,267 INFO maxContent:10485760

2022-09-12 14:03:11,267 INFO spring.datasource.platform:mysql

2022-09-12 14:03:16,573 WARN DumpService start

2022-09-12 14:03:16,574 INFO start clear all config-info.

2022-09-12 14:03:16,575 WARN clear all config-info failed.

2022-09-12 14:03:16,575 WARN clear all config-info-tenant failed.

2022-09-12 14:03:16,581 INFO start clear all config-info-beta.

2022-09-12 14:03:16,582 WARN clear all config-info-beta failed.

2022-09-12 14:03:16,582 WARN clear all config-info-beta-tenant failed.

2022-09-12 14:03:16,583 INFO start clear all config-info-tag.

2022-09-12 14:03:16,584 WARN clear all config-info-tag failed.

2022-09-12 14:03:16,584 WARN clear all config-info-tag-tenant failed.

