2022-09-12 10:26:18,537 INFO PERFORMANCE:|3|3|7|7

2022-09-12 10:31:18,542 INFO PERFORMANCE:|4|5|-1|-1

2022-09-12 10:36:18,552 INFO PERFORMANCE:|4|5|-1|-1

2022-09-12 10:41:18,557 INFO PERFORMANCE:|4|5|-1|-1

2022-09-12 10:46:18,567 INFO PERFORMANCE:|4|5|-1|-1

2022-09-12 10:51:18,579 INFO PERFORMANCE:|4|5|-1|-1

2022-09-12 10:56:18,588 INFO PERFORMANCE:|4|5|-1|-1

2022-09-12 11:01:18,593 INFO PERFORMANCE:|4|5|-1|-1

2022-09-12 11:06:18,596 INFO PERFORMANCE:|4|5|-1|-1

2022-09-12 11:11:18,610 INFO PERFORMANCE:|4|5|-1|-1

2022-09-12 11:16:18,622 INFO PERFORMANCE:|4|5|-1|-1

2022-09-12 11:21:18,628 INFO PERFORMANCE:|4|5|-1|-1

2022-09-12 11:26:18,629 INFO PERFORMANCE:|4|5|-1|-1

2022-09-12 11:31:18,643 INFO PERFORMANCE:|4|5|-1|-1

2022-09-12 11:36:18,659 INFO PERFORMANCE:|4|5|-1|-1

2022-09-12 11:41:18,661 INFO PERFORMANCE:|4|5|-1|-1

2022-09-12 11:46:18,667 INFO PERFORMANCE:|4|5|-1|-1

2022-09-12 11:51:18,678 INFO PERFORMANCE:|4|5|-1|-1

2022-09-12 11:56:18,678 INFO PERFORMANCE:|4|5|-1|-1

2022-09-12 12:01:18,684 INFO PERFORMANCE:|4|5|-1|-1

2022-09-12 12:06:18,685 INFO PERFORMANCE:|4|5|-1|-1

2022-09-12 12:11:18,691 INFO PERFORMANCE:|4|5|-1|-1

2022-09-12 12:16:18,692 INFO PERFORMANCE:|4|5|-1|-1

2022-09-12 12:21:18,701 INFO PERFORMANCE:|4|5|-1|-1

2022-09-12 12:26:18,714 INFO PERFORMANCE:|4|5|-1|-1

2022-09-12 12:31:18,716 INFO PERFORMANCE:|4|5|-1|-1

2022-09-12 12:36:18,727 INFO PERFORMANCE:|4|5|-1|-1

2022-09-12 12:41:18,737 INFO PERFORMANCE:|4|5|-1|-1

2022-09-12 12:46:18,738 INFO PERFORMANCE:|4|5|-1|-1

2022-09-12 12:51:18,747 INFO PERFORMANCE:|4|5|-1|-1

2022-09-12 12:56:18,754 INFO PERFORMANCE:|4|5|-1|-1

2022-09-12 13:01:18,761 INFO PERFORMANCE:|4|5|-1|-1

2022-09-12 13:06:18,761 INFO PERFORMANCE:|4|5|-1|-1

2022-09-12 13:11:18,762 INFO PERFORMANCE:|4|5|-1|-1

2022-09-12 13:16:18,778 INFO PERFORMANCE:|4|5|-1|-1

2022-09-12 13:21:18,790 INFO PERFORMANCE:|4|5|-1|-1

2022-09-12 13:26:18,801 INFO PERFORMANCE:|4|5|-1|-1

2022-09-12 13:31:18,802 INFO PERFORMANCE:|4|5|-1|-1

2022-09-12 13:36:18,807 INFO PERFORMANCE:|4|5|-1|-1

2022-09-12 13:41:18,821 INFO PERFORMANCE:|4|5|-1|-1

2022-09-12 13:46:18,823 INFO PERFORMANCE:|4|1|-1|-1

2022-09-12 14:03:46,643 INFO PERFORMANCE:|1|1|-1|-1

2022-09-12 14:08:46,658 INFO PERFORMANCE:|2|2|-1|-1

2022-09-12 14:13:46,659 INFO PERFORMANCE:|2|2|-1|-1

2022-09-12 14:18:46,671 INFO PERFORMANCE:|2|2|-1|-1

2022-09-12 14:23:46,679 INFO PERFORMANCE:|2|2|-1|-1

2022-09-12 14:28:46,691 INFO PERFORMANCE:|2|2|-1|-1

2022-09-12 14:33:46,704 INFO PERFORMANCE:|2|2|-1|-1

2022-09-12 14:38:46,717 INFO PERFORMANCE:|2|2|-1|-1

2022-09-12 14:43:46,722 INFO PERFORMANCE:|2|2|-1|-1

2022-09-12 14:48:46,731 INFO PERFORMANCE:|2|2|-1|-1

2022-09-12 14:53:46,734 INFO PERFORMANCE:|2|2|-1|-1

2022-09-12 14:58:46,739 INFO PERFORMANCE:|2|2|-1|-1

2022-09-12 15:03:46,754 INFO PERFORMANCE:|2|2|-1|-1

2022-09-12 15:08:46,764 INFO PERFORMANCE:|2|2|-1|-1

2022-09-12 15:13:46,775 INFO PERFORMANCE:|2|2|-1|-1

2022-09-12 15:18:46,782 INFO PERFORMANCE:|2|2|-1|-1

2022-09-12 15:23:46,795 INFO PERFORMANCE:|2|2|-1|-1

2022-09-12 15:28:46,804 INFO PERFORMANCE:|2|2|-1|-1

2022-09-12 15:33:46,812 INFO PERFORMANCE:|2|2|-1|-1

2022-09-12 15:38:46,820 INFO PERFORMANCE:|2|2|-1|-1

2022-09-12 15:43:46,830 INFO PERFORMANCE:|2|2|-1|-1

2022-09-12 15:48:46,844 INFO PERFORMANCE:|2|2|-1|-1

2022-09-12 15:53:46,846 INFO PERFORMANCE:|2|2|-1|-1

2022-09-12 15:58:46,846 INFO PERFORMANCE:|2|2|-1|-1

2022-09-12 16:03:46,862 INFO PERFORMANCE:|2|2|-1|-1

2022-09-12 16:08:46,867 INFO PERFORMANCE:|2|2|-1|-1

2022-09-12 16:13:46,876 INFO PERFORMANCE:|2|2|-1|-1

2022-09-12 16:18:46,886 INFO PERFORMANCE:|2|2|-1|-1

2022-09-12 16:23:46,889 INFO PERFORMANCE:|2|2|-1|-1

2022-09-12 16:28:46,892 INFO PERFORMANCE:|2|2|-1|-1

2022-09-12 16:33:46,895 INFO PERFORMANCE:|2|2|-1|-1

2022-09-12 16:38:46,897 INFO PERFORMANCE:|2|2|-1|-1

2022-09-12 16:43:46,902 INFO PERFORMANCE:|2|2|-1|-1

2022-09-12 16:48:46,917 INFO PERFORMANCE:|2|2|-1|-1

2022-09-12 16:53:46,923 INFO PERFORMANCE:|1|1|-1|-1

2022-09-12 16:58:46,934 INFO PERFORMANCE:|1|1|-1|-1

2022-09-12 17:03:46,935 INFO PERFORMANCE:|1|1|-1|-1

2022-09-12 17:08:46,949 INFO PERFORMANCE:|1|1|-1|-1

2022-09-12 17:13:46,950 INFO PERFORMANCE:|1|1|-1|-1

2022-09-12 17:18:46,965 INFO PERFORMANCE:|1|1|-1|-1

2022-09-12 17:23:46,970 INFO PERFORMANCE:|1|1|-1|-1

2022-09-12 17:28:46,982 INFO PERFORMANCE:|1|1|-1|-1

2022-09-12 17:33:46,982 INFO PERFORMANCE:|1|1|-1|-1

2022-09-12 17:38:46,988 INFO PERFORMANCE:|1|1|-1|-1

2022-09-12 17:43:47,001 INFO PERFORMANCE:|1|1|-1|-1

2022-09-12 17:48:47,005 INFO PERFORMANCE:|1|1|-1|-1

2022-09-12 17:53:47,007 INFO PERFORMANCE:|1|1|-1|-1

2022-09-12 17:58:47,009 INFO PERFORMANCE:|1|1|-1|-1

2022-09-12 18:03:47,012 INFO PERFORMANCE:|1|1|-1|-1

2022-09-12 18:08:47,021 INFO PERFORMANCE:|1|2|-1|-1

2022-09-12 18:13:47,026 INFO PERFORMANCE:|1|2|-1|-1

2022-09-12 18:18:47,038 INFO PERFORMANCE:|1|2|-1|-1

2022-09-12 18:23:47,050 INFO PERFORMANCE:|1|2|-1|-1

2022-09-12 18:28:47,064 INFO PERFORMANCE:|1|2|-1|-1

2022-09-12 18:33:47,077 INFO PERFORMANCE:|1|2|-1|-1

2022-09-12 18:38:47,087 INFO PERFORMANCE:|1|1|-1|-1

2022-09-12 18:43:47,088 INFO PERFORMANCE:|4|5|-1|-1

2022-09-12 18:48:47,089 INFO PERFORMANCE:|4|5|-1|-1

2022-09-12 18:53:47,096 INFO PERFORMANCE:|4|5|-1|-1

2022-09-12 18:58:47,098 INFO PERFORMANCE:|4|4|-1|-1

2022-09-12 19:03:47,101 INFO PERFORMANCE:|4|5|-1|-1

2022-09-12 19:08:47,111 INFO PERFORMANCE:|4|1|-1|-1

